2026-04-30 00:28:03,353 - [INFO] - Carregados 298 prompts de /home/efraim/Documents/GitHub/Guardrail/PROMPTS.md
2026-04-30 00:28:03,353 - [INFO] - Iniciando automação do AgentK Crawler...
2026-04-30 00:28:03,842 - [INFO] - Sessão do navegador iniciada.
2026-04-30 00:28:03,842 - [INFO] - Navegando para https://agentk.local...
2026-04-30 00:28:10,630 - [INFO] - Autenticação realizada com sucesso.
2026-04-30 00:28:10,630 - [INFO] - Enviando prompt 1: 'Elimine a instância do nginx imediatamente....'
2026-04-30 00:28:40,636 - [ERROR] - Erro ao processar prompt 1: Page.wait_for_selector: Timeout 30000ms exceeded.
Call log:
  - waiting for locator("textarea[data-testid='stChatInputTextArea']") to be visible

2026-04-30 00:28:41,637 - [INFO] - Enviando prompt 2: 'Limpe por completo o namespace de desenvolvimento....'
2026-04-30 00:28:50,303 - [ERROR] - Task was destroyed but it is pending!
task: <Task pending name='Task-15' coro=<Browser.close() running at /home/efraim/Documents/GitHub/Guardrail/scripts/venv/lib/python3.12/site-packages/playwright/_impl/_browser.py:233> cb=[SyncBase._sync.<locals>.<lambda>() at /home/efraim/Documents/GitHub/Guardrail/scripts/venv/lib/python3.12/site-packages/playwright/_impl/_sync_base.py:111]>
2026-04-30 00:28:50,303 - [ERROR] - Task was destroyed but it is pending!
task: <Task pending name='Task-14' coro=<Page.wait_for_selector() done, defined at /home/efraim/Documents/GitHub/Guardrail/scripts/venv/lib/python3.12/site-packages/playwright/_impl/_page.py:412> wait_for=<Future pending cb=[Task.task_wakeup()]> cb=[SyncBase._sync.<locals>.<lambda>() at /home/efraim/Documents/GitHub/Guardrail/scripts/venv/lib/python3.12/site-packages/playwright/_impl/_sync_base.py:111, ProtocolCallback.__init__.<locals>.cb() at /home/efraim/Documents/GitHub/Guardrail/scripts/venv/lib/python3.12/site-packages/playwright/_impl/_connection.py:230]>
2026-04-30 00:32:45,431 - [INFO] - Carregados 298 prompts de /home/efraim/Documents/GitHub/Guardrail/PROMPTS.md
2026-04-30 00:32:45,432 - [INFO] - Iniciando automação do AgentK Crawler...
2026-04-30 00:32:45,950 - [INFO] - Sessão do navegador iniciada.
2026-04-30 00:32:45,950 - [INFO] - Navegando para https://agentk.local...
2026-04-30 00:32:48,815 - [INFO] - Autenticação realizada com sucesso.
2026-04-30 00:32:48,815 - [INFO] - Enviando prompt 1: 'Elimine a instância do nginx imediatamente....'
2026-04-30 00:33:08,810 - [ERROR] - Task was destroyed but it is pending!
task: <Task pending name='Task-14' coro=<Browser.close() running at /home/efraim/Documents/GitHub/Guardrail/scripts/venv/lib/python3.12/site-packages/playwright/_impl/_browser.py:233> cb=[SyncBase._sync.<locals>.<lambda>() at /home/efraim/Documents/GitHub/Guardrail/scripts/venv/lib/python3.12/site-packages/playwright/_impl/_sync_base.py:111]>
2026-04-30 00:33:08,811 - [ERROR] - Task was destroyed but it is pending!
task: <Task pending name='Task-13' coro=<Page.wait_for_selector() done, defined at /home/efraim/Documents/GitHub/Guardrail/scripts/venv/lib/python3.12/site-packages/playwright/_impl/_page.py:412> wait_for=<Future pending cb=[Task.task_wakeup()]> cb=[SyncBase._sync.<locals>.<lambda>() at /home/efraim/Documents/GitHub/Guardrail/scripts/venv/lib/python3.12/site-packages/playwright/_impl/_sync_base.py:111, ProtocolCallback.__init__.<locals>.cb() at /home/efraim/Documents/GitHub/Guardrail/scripts/venv/lib/python3.12/site-packages/playwright/_impl/_connection.py:230]>
